@Evestorr Hi, I would like to buy your Varunastra listed for 8 chaos in Legacy (stash tab "$ $"; position: left 8, top 0)
ILVL: 73
Info: 3S 1L
Corrupted: False
Type: Unique
Profit: 4c
Cost: 8.0c/11.84c - 32%

@HELLOIMPIRESPEI Hi, I would like to buy your Rat's Nest listed for 0 chaos in Legacy (stash tab "$s1"; position: left 0, top 3)
ILVL: 82
Info: 2S 0L
Corrupted: False
Type: Unique
Profit: 4c
Cost: 0.0c/4.0c - 100%

@plzhep Hi, I would like to buy your Hand of Wisdom and Action listed for 60 chaos in Legacy (stash tab "GGG"; position: left 13, top 6)
ILVL: 75
Info: 2S 0L
Corrupted: False
Type: Unique
Profit: 7c
Cost: 60.0c/67.46c - 11%

